<?xml version="1.0" encoding="UTF-8"?>
<!-- Generated by org.testng.reporters.JUnitXMLReporter -->
<testsuite ignored="0" hostname="DESKTOP-SQ9BGJ7" failures="0" tests="5" name="Default test" time="42.746" errors="0" timestamp="2022-09-16T13:54:18 IST">
  <testcase classname="TestCase.AddStudentINRosterTest" name="initilizeBrowser" time="15.433"/>
  <testcase classname="TestCase.AddStudentINRosterTest" name="validateGreetingPopuppTest" time="11.549"/>
  <testcase classname="TestCase.AddStudentINRosterTest" name="ValidateToClickOnPlusButton" time="6.214"/>
  <testcase classname="TestCase.AddStudentINRosterTest" name="validateToselectStudentFromRoster" time="5.587"/>
  <testcase classname="TestCase.AddStudentINRosterTest" name="validateStudentAddedIntoRoster" time="3.866"/>
</testsuite> <!-- Default test -->
