<?xml version="1.0" encoding="UTF-8"?>
<!-- Generated by org.testng.reporters.JUnitXMLReporter -->
<testsuite ignored="0" hostname="SF-LAP-497" failures="0" tests="4" name="DDStudentTracker" time="36.613" errors="0" timestamp="2023-09-04T12:59:28 IST">
  <testcase classname="L4L.DD.Test.LoginPageTest" name="setup" time="8.37"/>
  <testcase classname="L4L.DD.Test.LoginPageTest" name="validateLoginUrlTest" time="0.085"/>
  <testcase classname="L4L.DD.Test.LoginPageTest" name="logintitletest" time="0.011"/>
  <testcase classname="L4L.DD.Test.LoginPageTest" name="ddlogintest" time="28.069"/>
</testsuite> <!-- DDStudentTracker -->
