<?xml version="1.0" encoding="UTF-8"?>
<testng-results ignored="0" total="5" passed="5" failed="0" skipped="0">
  <reporter-output>
  </reporter-output>
  <suite started-at="2022-09-16T13:53:36 IST" name="Default suite" finished-at="2022-09-16T13:54:18 IST" duration-ms="42746">
    <groups>
    </groups>
    <test started-at="2022-09-16T13:53:36 IST" name="Default test" finished-at="2022-09-16T13:54:18 IST" duration-ms="42746">
      <class name="TestCase.AddStudentINRosterTest">
        <test-method signature="initilizeBrowser()[pri:0, instance:TestCase.AddStudentINRosterTest@d29f28]" started-at="2022-09-16T13:53:36 IST" name="initilizeBrowser" finished-at="2022-09-16T13:53:51 IST" duration-ms="15433" status="PASS">
          <reporter-output>
          </reporter-output>
        </test-method> <!-- initilizeBrowser -->
        <test-method signature="validateGreetingPopuppTest()[pri:1, instance:TestCase.AddStudentINRosterTest@d29f28]" started-at="2022-09-16T13:53:51 IST" name="validateGreetingPopuppTest" finished-at="2022-09-16T13:54:03 IST" duration-ms="11549" status="PASS">
          <reporter-output>
          </reporter-output>
        </test-method> <!-- validateGreetingPopuppTest -->
        <test-method signature="ValidateToClickOnPlusButton()[pri:2, instance:TestCase.AddStudentINRosterTest@d29f28]" started-at="2022-09-16T13:54:03 IST" name="ValidateToClickOnPlusButton" finished-at="2022-09-16T13:54:09 IST" duration-ms="6214" status="PASS">
          <reporter-output>
          </reporter-output>
        </test-method> <!-- ValidateToClickOnPlusButton -->
        <test-method signature="validateToselectStudentFromRoster()[pri:3, instance:TestCase.AddStudentINRosterTest@d29f28]" started-at="2022-09-16T13:54:09 IST" name="validateToselectStudentFromRoster" finished-at="2022-09-16T13:54:15 IST" duration-ms="5587" status="PASS">
          <reporter-output>
          </reporter-output>
        </test-method> <!-- validateToselectStudentFromRoster -->
        <test-method signature="validateStudentAddedIntoRoster()[pri:4, instance:TestCase.AddStudentINRosterTest@d29f28]" started-at="2022-09-16T13:54:15 IST" name="validateStudentAddedIntoRoster" finished-at="2022-09-16T13:54:18 IST" duration-ms="3866" status="PASS">
          <reporter-output>
          </reporter-output>
        </test-method> <!-- validateStudentAddedIntoRoster -->
      </class> <!-- TestCase.AddStudentINRosterTest -->
    </test> <!-- Default test -->
  </suite> <!-- Default suite -->
</testng-results>
