<?xml version="1.0" encoding="UTF-8"?>
<!-- Generated by org.testng.reporters.JUnitXMLReporter -->
<testsuite ignored="0" hostname="DESKTOP-SQ9BGJ7" failures="0" tests="4" name="StudentTracker" time="71.352" errors="0" timestamp="2022-09-08T11:17:03 IST">
  <testcase classname="TestCase.SetupUserTest" name="setup" time="16.789"/>
  <testcase classname="TestCase.SetupUserTest" name="validateGreetingPopupTest" time="6.765"/>
  <testcase classname="TestCase.SetupUserTest" name="navigateToUserTest" time="2.282"/>
  <testcase classname="TestCase.SetupUserTest" name="createUserTest" time="45.429"/>
</testsuite> <!-- StudentTracker -->
