<?xml version="1.0" encoding="UTF-8"?>
<!-- Generated by org.testng.reporters.JUnitXMLReporter -->
<testsuite ignored="0" hostname="SF-LAP-497" failures="0" tests="4" name="DDStudentTracker" time="49.4" errors="0" timestamp="2023-09-01T15:00:36 IST">
  <testcase classname="L4L.DD.Test.LoginPageTest" name="setup" time="7.036"/>
  <testcase classname="L4L.DD.Test.LoginPageTest" name="validateLoginUrlTest" time="0.1"/>
  <testcase classname="L4L.DD.Test.LoginPageTest" name="logintitletest" time="0.009"/>
  <testcase classname="L4L.DD.Test.LoginPageTest" name="ddlogintest" time="42.182"/>
</testsuite> <!-- DDStudentTracker -->
