<?xml version="1.0" encoding="UTF-8"?>
<!-- Generated by org.testng.reporters.JUnitXMLReporter -->
<testsuite ignored="0" hostname="SF-LAP-497" failures="1" tests="5" name="DDStudentTracker" time="28.843" errors="0" timestamp="2023-08-21T16:42:21 IST">
  <testcase classname="L4L.DD.Test.LoginPageTest" name="setup" time="9.227"/>
  <testcase classname="L4L.DD.Test.LoginPageTest" name="validateLoginUrlTest" time="0.089"/>
  <testcase classname="L4L.DD.Test.LoginPageTest" name="logintitletest" time="0.008"/>
  <testcase classname="L4L.DD.Test.LoginPageTest" name="loginWithBlankCredentialsTest" time="0.226">
    <failure type="java.lang.AssertionError" message="expected [true] but found [false]">
      <![CDATA[java.lang.AssertionError: expected [true] but found [false]
at L4L.DD.Test.LoginPageTest.loginWithBlankCredentialsTest(LoginPageTest.java:44)
at java.base/java.util.ArrayList.forEach(ArrayList.java:1511)
... Removed 35 stack frames]]>
    </failure>
  </testcase> <!-- loginWithBlankCredentialsTest -->
  <testcase classname="L4L.DD.Test.LoginPageTest" name="ddlogintest" time="19.23"/>
</testsuite> <!-- DDStudentTracker -->
