<?xml version="1.0" encoding="UTF-8"?>
<testng-results ignored="0" total="4" passed="4" failed="0" skipped="0">
  <reporter-output>
  </reporter-output>
  <suite started-at="2023-09-01T14:59:46 IST" name="Suite" finished-at="2023-09-01T15:00:36 IST" duration-ms="49400">
    <groups>
    </groups>
    <test started-at="2023-09-01T14:59:46 IST" name="DDStudentTracker" finished-at="2023-09-01T15:00:36 IST" duration-ms="49400">
      <class name="L4L.DD.Test.LoginPageTest">
        <test-method signature="setup()[pri:0, instance:L4L.DD.Test.LoginPageTest@13e344d]" started-at="2023-09-01T14:59:47 IST" name="setup" finished-at="2023-09-01T14:59:54 IST" duration-ms="7036" status="PASS">
          <reporter-output>
          </reporter-output>
        </test-method> <!-- setup -->
        <test-method signature="validateLoginUrlTest()[pri:1, instance:L4L.DD.Test.LoginPageTest@13e344d]" started-at="2023-09-01T14:59:54 IST" name="validateLoginUrlTest" finished-at="2023-09-01T14:59:54 IST" duration-ms="100" status="PASS">
          <reporter-output>
          </reporter-output>
        </test-method> <!-- validateLoginUrlTest -->
        <test-method signature="logintitletest()[pri:2, instance:L4L.DD.Test.LoginPageTest@13e344d]" started-at="2023-09-01T14:59:54 IST" name="logintitletest" finished-at="2023-09-01T14:59:54 IST" duration-ms="9" status="PASS">
          <reporter-output>
          </reporter-output>
        </test-method> <!-- logintitletest -->
        <test-method signature="ddlogintest()[pri:3, instance:L4L.DD.Test.LoginPageTest@13e344d]" started-at="2023-09-01T14:59:54 IST" name="ddlogintest" finished-at="2023-09-01T15:00:36 IST" duration-ms="42182" status="PASS">
          <reporter-output>
          </reporter-output>
        </test-method> <!-- ddlogintest -->
      </class> <!-- L4L.DD.Test.LoginPageTest -->
    </test> <!-- DDStudentTracker -->
  </suite> <!-- Suite -->
</testng-results>
