<?xml version="1.0" encoding="UTF-8"?>
<testsuite xmlns:xsi="http://www.w3.org/2001/XMLSchema-instance" xsi:noNamespaceSchemaLocation="https://maven.apache.org/surefire/maven-surefire-plugin/xsd/surefire-test-report-3.0.xsd" version="3.0" name="TestSuite" time="29.428" tests="5" errors="0" skipped="0" failures="1">
  <properties>
[...]
</properties>
  <testcase name="setup" classname="L4L.DD.Test.LoginPageTest" time="9.237">
    <system-err><![CDATA[SLF4J: Failed to load class "org.slf4j.impl.StaticLoggerBinder".
SLF4J: Defaulting to no-operation (NOP) logger implementation
SLF4J: See http://www.slf4j.org/codes.html#StaticLoggerBinder for further details.
ERROR StatusLogger Log4j2 could not find a logging implementation. Please add log4j-core to the classpath. Using SimpleLogger to log to the console...
]]></system-err>
  </testcase>
  <testcase name="validateLoginUrlTest" classname="L4L.DD.Test.LoginPageTest" time="0.075"/>
  <testcase name="logintitletest" classname="L4L.DD.Test.LoginPageTest" time="0.007"/>
  <testcase name="loginWithBlankCredentialsTest" classname="L4L.DD.Test.LoginPageTest" time="0.239">
    <failure message="expected [true] but found [false]" type="java.lang.AssertionError"><![CDATA[java.lang.AssertionError: expected [true] but found [false]
	at L4L.DD.Test.LoginPageTest.loginWithBlankCredentialsTest(LoginPageTest.java:44)
]]></failure>
  </testcase>
  <testcase name="ddlogintest" classname="L4L.DD.Test.LoginPageTest" time="19.224"/>
</testsuite>