-------------------------------------------------------------------------------
Test set: TestSuite
-------------------------------------------------------------------------------
Tests run: 5, Failures: 1, Errors: 0, Skipped: 0, Time elapsed: 29.428 s <<< FAILURE! - in TestSuite
L4L.DD.Test.LoginPageTest.loginWithBlankCredentialsTest  Time elapsed: 0.239 s  <<< FAILURE!
java.lang.AssertionError: expected [true] but found [false]
	at L4L.DD.Test.LoginPageTest.loginWithBlankCredentialsTest(LoginPageTest.java:44)

