<?xml version="1.0" encoding="UTF-8"?>
<testsuite xmlns:xsi="http://www.w3.org/2001/XMLSchema-instance" xsi:noNamespaceSchemaLocation="https://maven.apache.org/surefire/maven-surefire-plugin/xsd/surefire-test-report-3.0.xsd" version="3.0" name="TestSuite" time="62.97" tests="8" errors="0" skipped="1" failures="3">
  <properties>
[...]
</properties>
  <testcase name="setup" classname="L4L.DD.Test.LoginPageTest" time="8.461">
    <system-out><![CDATA[Main TestDDStudentTracker Started
setup: Main Method Started
setup Status: Success
]]></system-out>
    <system-err><![CDATA[SLF4J: Failed to load class "org.slf4j.impl.StaticLoggerBinder".
SLF4J: Defaulting to no-operation (NOP) logger implementation
SLF4J: See http://www.slf4j.org/codes.html#StaticLoggerBinder for further details.
log4j:WARN No appenders could be found for logger (io.netty.util.internal.logging.InternalLoggerFactory).
log4j:WARN Please initialize the log4j system properly.
log4j:WARN See http://logging.apache.org/log4j/1.2/faq.html#noconfig for more info.
Sep 13, 2023 4:35:17 PM org.openqa.selenium.devtools.CdpVersionFinder findNearestMatch
WARNING: Unable to find an exact match for CDP version 116, so returning the closest version found: 115
]]></system-err>
  </testcase>
  <testcase name="validateLoginUrlTest" classname="L4L.DD.Test.LoginPageTest" time="0.097">
    <system-out><![CDATA[validateLoginUrlTest: Main Method Started
validateLoginUrlTest Status: Success
]]></system-out>
  </testcase>
  <testcase name="logintitletest" classname="L4L.DD.Test.LoginPageTest" time="0.01">
    <system-out><![CDATA[logintitletest: Main Method Started
logintitletest Status: Success
]]></system-out>
  </testcase>
  <testcase name="ddlogintest" classname="L4L.DD.Test.LoginPageTest" time="43.767">
    <system-out><![CDATA[ddlogintest: Main Method Started

Login as RIS
ddlogintest Status: Success
]]></system-out>
  </testcase>
  <testcase name="setup" classname="L4L.DD.Test.CreateCourseTest" time="9.904">
    <failure message="stale element reference: stale element not found&#10;  (Session info: chrome=116.0.5845.182)&#10;For documentation on this error, please visit: https://www.selenium.dev/documentation/webdriver/troubleshooting/errors#stale-element-reference-exception&#10;Build info: version: &apos;4.11.0&apos;, revision: &apos;040bc5406b&apos;&#10;System info: os.name: &apos;Windows 10&apos;, os.arch: &apos;amd64&apos;, os.version: &apos;10.0&apos;, java.version: &apos;11.0.17&apos;&#10;Driver info: org.openqa.selenium.chrome.ChromeDriver&#10;Command: [4abb9671660277fab9dab5bc9e6f0765, executeScript {script=arguments[0].click();, args=[{element-6066-11e4-a52e-4f735466cecf=A3FE28EDED9C43396FA2C69ACDF240BA_element_33}]}]&#10;Capabilities {acceptInsecureCerts: false, browserName: chrome, browserVersion: 116.0.5845.182, chrome: {chromedriverVersion: 116.0.5845.96 (1a3918166880..., userDataDir: C:\Users\akbarali\AppData\L...}, fedcm:accounts: true, goog:chromeOptions: {debuggerAddress: localhost:62149}, networkConnectionEnabled: false, pageLoadStrategy: normal, platformName: windows, proxy: Proxy(), se:cdp: ws://localhost:62149/devtoo..., se:cdpVersion: 116.0.5845.182, setWindowRect: true, strictFileInteractability: false, timeouts: {implicit: 0, pageLoad: 300000, script: 30000}, unhandledPromptBehavior: dismiss and notify, webauthn:extension:credBlob: true, webauthn:extension:largeBlob: true, webauthn:extension:minPinLength: true, webauthn:extension:prf: true, webauthn:virtualAuthenticators: true}&#10;Session ID: 4abb9671660277fab9dab5bc9e6f0765" type="org.openqa.selenium.StaleElementReferenceException"><![CDATA[org.openqa.selenium.StaleElementReferenceException: 
stale element reference: stale element not found
  (Session info: chrome=116.0.5845.182)
For documentation on this error, please visit: https://www.selenium.dev/documentation/webdriver/troubleshooting/errors#stale-element-reference-exception
Build info: version: '4.11.0', revision: '040bc5406b'
System info: os.name: 'Windows 10', os.arch: 'amd64', os.version: '10.0', java.version: '11.0.17'
Driver info: org.openqa.selenium.chrome.ChromeDriver
Command: [4abb9671660277fab9dab5bc9e6f0765, executeScript {script=arguments[0].click();, args=[{element-6066-11e4-a52e-4f735466cecf=A3FE28EDED9C43396FA2C69ACDF240BA_element_33}]}]
Capabilities {acceptInsecureCerts: false, browserName: chrome, browserVersion: 116.0.5845.182, chrome: {chromedriverVersion: 116.0.5845.96 (1a3918166880..., userDataDir: C:\Users\akbarali\AppData\L...}, fedcm:accounts: true, goog:chromeOptions: {debuggerAddress: localhost:62149}, networkConnectionEnabled: false, pageLoadStrategy: normal, platformName: windows, proxy: Proxy(), se:cdp: ws://localhost:62149/devtoo..., se:cdpVersion: 116.0.5845.182, setWindowRect: true, strictFileInteractability: false, timeouts: {implicit: 0, pageLoad: 300000, script: 30000}, unhandledPromptBehavior: dismiss and notify, webauthn:extension:credBlob: true, webauthn:extension:largeBlob: true, webauthn:extension:minPinLength: true, webauthn:extension:prf: true, webauthn:virtualAuthenticators: true}
Session ID: 4abb9671660277fab9dab5bc9e6f0765
	at L4L.DD.Test.CreateCourseTest.setup(CreateCourseTest.java:27)
]]></failure>
    <system-out><![CDATA[setup: Main Method Started

setup Status: Failure
]]></system-out>
    <system-err><![CDATA[Sep 13, 2023 4:36:07 PM org.openqa.selenium.devtools.CdpVersionFinder findNearestMatch
WARNING: Unable to find an exact match for CDP version 116, so returning the closest version found: 115
]]></system-err>
  </testcase>
  <testcase name="navigateToCreateCourseTest" classname="L4L.DD.Test.CreateCourseTest" time="0">
    <failure type="java.lang.NullPointerException"><![CDATA[java.lang.NullPointerException
	at L4L.DD.Test.CreateCourseTest.navigateToCreateCourseTest(CreateCourseTest.java:35)
]]></failure>
    <system-out><![CDATA[navigateToCreateCourseTest: Main Method Started
navigateToCreateCourseTest Status: Failure
]]></system-out>
  </testcase>
  <testcase name="fillCourseDetailsTest" classname="L4L.DD.Test.CreateCourseTest" time="0">
    <skipped message="Method L4L.DD.Test.CreateCourseTest.fillCourseDetailsTest() on instance L4L.DD.Test.CreateCourseTest@793f29ff depends on not successfully finished methods &#10;[L4L.DD.Test.CreateCourseTest.navigateToCreateCourseTest() on instance L4L.DD.Test.CreateCourseTest@793f29ff]"/>
    <system-out><![CDATA[fillCourseDetailsTest: Main Method Started
fillCourseDetailsTest Status: Skipped
]]></system-out>
  </testcase>
  <testcase name="addnewCourseCatalogTest" classname="L4L.DD.Test.CreateCourseTest" time="0.001">
    <failure type="java.lang.NullPointerException"><![CDATA[java.lang.NullPointerException
	at L4L.DD.Test.CreateCourseTest.addnewCourseCatalogTest(CreateCourseTest.java:48)
]]></failure>
    <system-out><![CDATA[addnewCourseCatalogTest: Main Method Started
addnewCourseCatalogTest Status: Failure
]]></system-out>
  </testcase>
</testsuite>