<?xml version="1.0" encoding="UTF-8"?>
<testng-results ignored="0" total="4" passed="4" failed="0" skipped="0">
  <reporter-output>
  </reporter-output>
  <suite started-at="2023-08-23T19:12:57 IST" name="Default suite" finished-at="2023-08-23T19:13:44 IST" duration-ms="47060">
    <groups>
    </groups>
    <test started-at="2023-08-23T19:12:57 IST" name="Default test" finished-at="2023-08-23T19:13:44 IST" duration-ms="47060">
      <class name="L4L.DD.Test.LoginPageTest">
        <test-method signature="setup()[pri:0, instance:L4L.DD.Test.LoginPageTest@5032714f]" started-at="2023-08-23T19:12:57 IST" name="setup" finished-at="2023-08-23T19:13:03 IST" duration-ms="6072" status="PASS">
          <reporter-output>
          </reporter-output>
        </test-method> <!-- setup -->
        <test-method signature="validateLoginUrlTest()[pri:1, instance:L4L.DD.Test.LoginPageTest@5032714f]" started-at="2023-08-23T19:13:03 IST" name="validateLoginUrlTest" finished-at="2023-08-23T19:13:03 IST" duration-ms="64" status="PASS">
          <reporter-output>
          </reporter-output>
        </test-method> <!-- validateLoginUrlTest -->
        <test-method signature="logintitletest()[pri:2, instance:L4L.DD.Test.LoginPageTest@5032714f]" started-at="2023-08-23T19:13:03 IST" name="logintitletest" finished-at="2023-08-23T19:13:03 IST" duration-ms="7" status="PASS">
          <reporter-output>
          </reporter-output>
        </test-method> <!-- logintitletest -->
        <test-method signature="ddlogintest()[pri:3, instance:L4L.DD.Test.LoginPageTest@5032714f]" started-at="2023-08-23T19:13:03 IST" name="ddlogintest" finished-at="2023-08-23T19:13:44 IST" duration-ms="40866" status="PASS">
          <reporter-output>
          </reporter-output>
        </test-method> <!-- ddlogintest -->
      </class> <!-- L4L.DD.Test.LoginPageTest -->
    </test> <!-- Default test -->
  </suite> <!-- Default suite -->
</testng-results>
